Microsoft (R) Build Engine version 15.3.409.57025 for .NET Core
Copyright (C) Microsoft Corporation. All rights reserved.

ReactTest.cs(12,36): error CS1061: 'InputCell' does not contain a definition for 'Value' and no extension method 'Value' accepting a first argument of type 'InputCell' could be found (are you missing a using directive or an assembly reference?) [G:\Learning\exercism\csharp\exercises\react\React.csproj]
ReactTest.cs(13,20): error CS1061: 'InputCell' does not contain a definition for 'Value' and no extension method 'Value' accepting a first argument of type 'InputCell' could be found (are you missing a using directive or an assembly reference?) [G:\Learning\exercism\csharp\exercises\react\React.csproj]
ReactTest.cs(14,36): error CS1061: 'InputCell' does not contain a definition for 'Value' and no extension method 'Value' accepting a first argument of type 'InputCell' could be found (are you missing a using directive or an assembly reference?) [G:\Learning\exercism\csharp\exercises\react\React.csproj]
ReactTest.cs(24,38): error CS1061: 'ComputeCell' does not contain a definition for 'Value' and no extension method 'Value' accepting a first argument of type 'ComputeCell' could be found (are you missing a using directive or an assembly reference?) [G:\Learning\exercism\csharp\exercises\react\React.csproj]
ReactTest.cs(25,20): error CS1061: 'InputCell' does not contain a definition for 'Value' and no extension method 'Value' accepting a first argument of type 'InputCell' could be found (are you missing a using directive or an assembly reference?) [G:\Learning\exercism\csharp\exercises\react\React.csproj]
ReactTest.cs(26,38): error CS1061: 'ComputeCell' does not contain a definition for 'Value' and no extension method 'Value' accepting a first argument of type 'ComputeCell' could be found (are you missing a using directive or an assembly reference?) [G:\Learning\exercism\csharp\exercises\react\React.csproj]
ReactTest.cs(38,38): error CS1061: 'ComputeCell' does not contain a definition for 'Value' and no extension method 'Value' accepting a first argument of type 'ComputeCell' could be found (are you missing a using directive or an assembly reference?) [G:\Learning\exercism\csharp\exercises\react\React.csproj]
ReactTest.cs(39,20): error CS1061: 'InputCell' does not contain a definition for 'Value' and no extension method 'Value' accepting a first argument of type 'InputCell' could be found (are you missing a using directive or an assembly reference?) [G:\Learning\exercism\csharp\exercises\react\React.csproj]
ReactTest.cs(40,38): error CS1061: 'ComputeCell' does not contain a definition for 'Value' and no extension method 'Value' accepting a first argument of type 'ComputeCell' could be found (are you missing a using directive or an assembly reference?) [G:\Learning\exercism\csharp\exercises\react\React.csproj]
ReactTest.cs(50,22): error CS1061: 'ComputeCell' does not contain a definition for 'Changed' and no extension method 'Changed' accepting a first argument of type 'ComputeCell' could be found (are you missing a using directive or an assembly reference?) [G:\Learning\exercism\csharp\exercises\react\React.csproj]
ReactTest.cs(53,20): error CS1061: 'InputCell' does not contain a definition for 'Value' and no extension method 'Value' accepting a first argument of type 'InputCell' could be found (are you missing a using directive or an assembly reference?) [G:\Learning\exercism\csharp\exercises\react\React.csproj]
ReactTest.cs(64,22): error CS1061: 'ComputeCell' does not contain a definition for 'Changed' and no extension method 'Changed' accepting a first argument of type 'ComputeCell' could be found (are you missing a using directive or an assembly reference?) [G:\Learning\exercism\csharp\exercises\react\React.csproj]
ReactTest.cs(66,20): error CS1061: 'InputCell' does not contain a definition for 'Value' and no extension method 'Value' accepting a first argument of type 'InputCell' could be found (are you missing a using directive or an assembly reference?) [G:\Learning\exercism\csharp\exercises\react\React.csproj]
ReactTest.cs(68,20): error CS1061: 'InputCell' does not contain a definition for 'Value' and no extension method 'Value' accepting a first argument of type 'InputCell' could be found (are you missing a using directive or an assembly reference?) [G:\Learning\exercism\csharp\exercises\react\React.csproj]
ReactTest.cs(70,20): error CS1061: 'InputCell' does not contain a definition for 'Value' and no extension method 'Value' accepting a first argument of type 'InputCell' could be found (are you missing a using directive or an assembly reference?) [G:\Learning\exercism\csharp\exercises\react\React.csproj]
ReactTest.cs(83,9): error CS0246: The type or namespace name 'ChangedEventHandler' could not be found (are you missing a using directive or an assembly reference?) [G:\Learning\exercism\csharp\exercises\react\React.csproj]
ReactTest.cs(84,9): error CS0246: The type or namespace name 'ChangedEventHandler' could not be found (are you missing a using directive or an assembly reference?) [G:\Learning\exercism\csharp\exercises\react\React.csproj]
ReactTest.cs(86,22): error CS1061: 'ComputeCell' does not contain a definition for 'Changed' and no extension method 'Changed' accepting a first argument of type 'ComputeCell' could be found (are you missing a using directive or an assembly reference?) [G:\Learning\exercism\csharp\exercises\react\React.csproj]
ReactTest.cs(87,22): error CS1061: 'ComputeCell' does not contain a definition for 'Changed' and no extension method 'Changed' accepting a first argument of type 'ComputeCell' could be found (are you missing a using directive or an assembly reference?) [G:\Learning\exercism\csharp\exercises\react\React.csproj]
ReactTest.cs(89,20): error CS1061: 'InputCell' does not contain a definition for 'Value' and no extension method 'Value' accepting a first argument of type 'InputCell' could be found (are you missing a using directive or an assembly reference?) [G:\Learning\exercism\csharp\exercises\react\React.csproj]
ReactTest.cs(93,22): error CS1061: 'ComputeCell' does not contain a definition for 'Changed' and no extension method 'Changed' accepting a first argument of type 'ComputeCell' could be found (are you missing a using directive or an assembly reference?) [G:\Learning\exercism\csharp\exercises\react\React.csproj]
ReactTest.cs(94,20): error CS1061: 'InputCell' does not contain a definition for 'Value' and no extension method 'Value' accepting a first argument of type 'InputCell' could be found (are you missing a using directive or an assembly reference?) [G:\Learning\exercism\csharp\exercises\react\React.csproj]
ReactTest.cs(110,22): error CS1061: 'ComputeCell' does not contain a definition for 'Changed' and no extension method 'Changed' accepting a first argument of type 'ComputeCell' could be found (are you missing a using directive or an assembly reference?) [G:\Learning\exercism\csharp\exercises\react\React.csproj]
ReactTest.cs(112,20): error CS1061: 'InputCell' does not contain a definition for 'Value' and no extension method 'Value' accepting a first argument of type 'InputCell' could be found (are you missing a using directive or an assembly reference?) [G:\Learning\exercism\csharp\exercises\react\React.csproj]

Build FAILED.

ReactTest.cs(12,36): error CS1061: 'InputCell' does not contain a definition for 'Value' and no extension method 'Value' accepting a first argument of type 'InputCell' could be found (are you missing a using directive or an assembly reference?) [G:\Learning\exercism\csharp\exercises\react\React.csproj]
ReactTest.cs(13,20): error CS1061: 'InputCell' does not contain a definition for 'Value' and no extension method 'Value' accepting a first argument of type 'InputCell' could be found (are you missing a using directive or an assembly reference?) [G:\Learning\exercism\csharp\exercises\react\React.csproj]
ReactTest.cs(14,36): error CS1061: 'InputCell' does not contain a definition for 'Value' and no extension method 'Value' accepting a first argument of type 'InputCell' could be found (are you missing a using directive or an assembly reference?) [G:\Learning\exercism\csharp\exercises\react\React.csproj]
ReactTest.cs(24,38): error CS1061: 'ComputeCell' does not contain a definition for 'Value' and no extension method 'Value' accepting a first argument of type 'ComputeCell' could be found (are you missing a using directive or an assembly reference?) [G:\Learning\exercism\csharp\exercises\react\React.csproj]
ReactTest.cs(25,20): error CS1061: 'InputCell' does not contain a definition for 'Value' and no extension method 'Value' accepting a first argument of type 'InputCell' could be found (are you missing a using directive or an assembly reference?) [G:\Learning\exercism\csharp\exercises\react\React.csproj]
ReactTest.cs(26,38): error CS1061: 'ComputeCell' does not contain a definition for 'Value' and no extension method 'Value' accepting a first argument of type 'ComputeCell' could be found (are you missing a using directive or an assembly reference?) [G:\Learning\exercism\csharp\exercises\react\React.csproj]
ReactTest.cs(38,38): error CS1061: 'ComputeCell' does not contain a definition for 'Value' and no extension method 'Value' accepting a first argument of type 'ComputeCell' could be found (are you missing a using directive or an assembly reference?) [G:\Learning\exercism\csharp\exercises\react\React.csproj]
ReactTest.cs(39,20): error CS1061: 'InputCell' does not contain a definition for 'Value' and no extension method 'Value' accepting a first argument of type 'InputCell' could be found (are you missing a using directive or an assembly reference?) [G:\Learning\exercism\csharp\exercises\react\React.csproj]
ReactTest.cs(40,38): error CS1061: 'ComputeCell' does not contain a definition for 'Value' and no extension method 'Value' accepting a first argument of type 'ComputeCell' could be found (are you missing a using directive or an assembly reference?) [G:\Learning\exercism\csharp\exercises\react\React.csproj]
ReactTest.cs(50,22): error CS1061: 'ComputeCell' does not contain a definition for 'Changed' and no extension method 'Changed' accepting a first argument of type 'ComputeCell' could be found (are you missing a using directive or an assembly reference?) [G:\Learning\exercism\csharp\exercises\react\React.csproj]
ReactTest.cs(53,20): error CS1061: 'InputCell' does not contain a definition for 'Value' and no extension method 'Value' accepting a first argument of type 'InputCell' could be found (are you missing a using directive or an assembly reference?) [G:\Learning\exercism\csharp\exercises\react\React.csproj]
ReactTest.cs(64,22): error CS1061: 'ComputeCell' does not contain a definition for 'Changed' and no extension method 'Changed' accepting a first argument of type 'ComputeCell' could be found (are you missing a using directive or an assembly reference?) [G:\Learning\exercism\csharp\exercises\react\React.csproj]
ReactTest.cs(66,20): error CS1061: 'InputCell' does not contain a definition for 'Value' and no extension method 'Value' accepting a first argument of type 'InputCell' could be found (are you missing a using directive or an assembly reference?) [G:\Learning\exercism\csharp\exercises\react\React.csproj]
ReactTest.cs(68,20): error CS1061: 'InputCell' does not contain a definition for 'Value' and no extension method 'Value' accepting a first argument of type 'InputCell' could be found (are you missing a using directive or an assembly reference?) [G:\Learning\exercism\csharp\exercises\react\React.csproj]
ReactTest.cs(70,20): error CS1061: 'InputCell' does not contain a definition for 'Value' and no extension method 'Value' accepting a first argument of type 'InputCell' could be found (are you missing a using directive or an assembly reference?) [G:\Learning\exercism\csharp\exercises\react\React.csproj]
ReactTest.cs(83,9): error CS0246: The type or namespace name 'ChangedEventHandler' could not be found (are you missing a using directive or an assembly reference?) [G:\Learning\exercism\csharp\exercises\react\React.csproj]
ReactTest.cs(84,9): error CS0246: The type or namespace name 'ChangedEventHandler' could not be found (are you missing a using directive or an assembly reference?) [G:\Learning\exercism\csharp\exercises\react\React.csproj]
ReactTest.cs(86,22): error CS1061: 'ComputeCell' does not contain a definition for 'Changed' and no extension method 'Changed' accepting a first argument of type 'ComputeCell' could be found (are you missing a using directive or an assembly reference?) [G:\Learning\exercism\csharp\exercises\react\React.csproj]
ReactTest.cs(87,22): error CS1061: 'ComputeCell' does not contain a definition for 'Changed' and no extension method 'Changed' accepting a first argument of type 'ComputeCell' could be found (are you missing a using directive or an assembly reference?) [G:\Learning\exercism\csharp\exercises\react\React.csproj]
ReactTest.cs(89,20): error CS1061: 'InputCell' does not contain a definition for 'Value' and no extension method 'Value' accepting a first argument of type 'InputCell' could be found (are you missing a using directive or an assembly reference?) [G:\Learning\exercism\csharp\exercises\react\React.csproj]
ReactTest.cs(93,22): error CS1061: 'ComputeCell' does not contain a definition for 'Changed' and no extension method 'Changed' accepting a first argument of type 'ComputeCell' could be found (are you missing a using directive or an assembly reference?) [G:\Learning\exercism\csharp\exercises\react\React.csproj]
ReactTest.cs(94,20): error CS1061: 'InputCell' does not contain a definition for 'Value' and no extension method 'Value' accepting a first argument of type 'InputCell' could be found (are you missing a using directive or an assembly reference?) [G:\Learning\exercism\csharp\exercises\react\React.csproj]
ReactTest.cs(110,22): error CS1061: 'ComputeCell' does not contain a definition for 'Changed' and no extension method 'Changed' accepting a first argument of type 'ComputeCell' could be found (are you missing a using directive or an assembly reference?) [G:\Learning\exercism\csharp\exercises\react\React.csproj]
ReactTest.cs(112,20): error CS1061: 'InputCell' does not contain a definition for 'Value' and no extension method 'Value' accepting a first argument of type 'InputCell' could be found (are you missing a using directive or an assembly reference?) [G:\Learning\exercism\csharp\exercises\react\React.csproj]
    0 Warning(s)
    24 Error(s)

Time Elapsed 00:00:09.70
